<?xml version="1.0" encoding="UTF-8"?>
<!-- Generated by org.testng.reporters.JUnitXMLReporter -->
<testsuite hostname="Lenovo-PC" ignored="0" name="Default test" tests="2" failures="0" timestamp="02 Jun 2018 11:01:32 GMT" time="103.2" errors="0">
  <testcase name="openApplication" time="53.04" classname="com.framework.commonfunctions.CommonOperations"/>
  <testcase name="LoginPageFieldsAvailablityTest" time="20.304" classname="com.framework.Test.LoginPageTest"/>
</testsuite> <!-- Default test -->
